// 重构日志: a8ef5a5e
// 同步 ID: 26b674e6 @ Sat May  2 16:47:18 UTC 2026
// 同步 ID: 63ce539a @ Tue May  5 17:18:39 UTC 2026
// 同步 ID: 927d2f74 @ Thu May  7 01:00:59 UTC 2026
// 同步 ID: 0b21e39a @ Thu May  7 09:52:49 UTC 2026
// 重构日志: 8a5c2ddc
// 重构日志: d30f273b
// 同步 ID: f0311606 @ Fri May  8 12:01:29 UTC 2026
// 同步 ID: 200e8342 @ Fri May  8 17:30:37 UTC 2026
// 同步 ID: 1fc25729 @ Sun May 10 11:55:00 UTC 2026
// 重构日志: 4152743f
// 重构日志: 309be90c
// 同步 ID: c01bc525 @ Fri May 15 10:00:04 UTC 2026
// 同步 ID: b0d0b33c @ Sat May 16 07:39:21 UTC 2026
// 同步 ID: a6ed1923 @ Thu May 21 20:12:30 UTC 2026
// 重构日志: e88be61a
// 重构日志: 38ff6976
// 重构日志: 778c032a
// 重构日志: 11358385
// 同步 ID: ab1bdd50 @ Tue May 26 05:03:04 UTC 2026
// 重构日志: 8f33daa2
// 重构日志: 7e5ca08b
// 同步 ID: 6e8a9f50 @ Fri May 29 09:07:45 UTC 2026
// 同步 ID: a7e180ce @ Sat May 30 21:55:36 UTC 2026
// 重构日志: cc35c704
// 重构日志: 333dae31
// 重构日志: 420f9a99
// 重构日志: 1836e986
// 重构日志: 90b33a44
// 同步 ID: 5275d7f3 @ Fri Jun  5 16:22:54 UTC 2026
// 重构日志: 135c4367
// 重构日志: dc742ca8
